{
  "RSpec": {
    "coverage": {
      "/Users/GW-MBP/dev/wdi/yodle_challenge/yodle_code_challenge.rb": [
        1,
        null,
        1,
        1,
        null,
        1,
        4,
        null,
        null,
        1,
        6,
        null,
        6,
        216,
        null,
        null,
        null,
        null,
        1,
        5,
        212,
        10130,
        null,
        null,
        null,
        null,
        null,
        null,
        1,
        null,
        4,
        4,
        null,
        null,
        4,
        4,
        null,
        null,
        1,
        4,
        4,
        204,
        null,
        null,
        204,
        204,
        null,
        204,
        200,
        200,
        null,
        null,
        204,
        null,
        204,
        null,
        200,
        200,
        null,
        null,
        null,
        null,
        1,
        3,
        3,
        3,
        3,
        3,
        null,
        null,
        null,
        1,
        1,
        null,
        1,
        1
      ]
    },
    "timestamp": 1398711768
  }
}
